<?xml version="1.0" encoding="UTF-8"?>
<!-- Generated by org.testng.reporters.JUnitReportReporter -->
<testsuite hostname="Nayan" failures="0" tests="2" name="Selenium.Introduction.Testng_Day1" time="0.023" errors="0" timestamp="2022-04-07T14:34:37 PDT" skipped="0">
  <testcase classname="Selenium.Introduction.Testng_Day1" name="Demo1" time="0.017"/>
  <system-out/>
  <testcase classname="Selenium.Introduction.Testng_Day1" name="Demo2" time="0.006"/>
  <system-out/>
</testsuite> <!-- Selenium.Introduction.Testng_Day1 -->
